#-----------------------------------------------------------
# Vivado v2024.2 (64-bit)
# SW Build 5239630 on Fri Nov 08 22:35:27 MST 2024
# IP Build 5239520 on Sun Nov 10 16:12:51 MST 2024
# SharedData Build 5239561 on Fri Nov 08 14:39:27 MST 2024
# Start of session at: Wed Mar 12 23:51:25 2025
# Process ID         : 16724
# Current directory  : C:/Users/Dell/METNHATROI/ADD_MUX
# Command line       : vivado.exe -gui_launcher_event rodinguilauncherevent22916 C:\Users\Dell\METNHATROI\ADD_MUX\ADD_MUX.xpr
# Log file           : C:/Users/Dell/METNHATROI/ADD_MUX/vivado.log
# Journal file       : C:/Users/Dell/METNHATROI/ADD_MUX\vivado.jou
# Running On         : DESKTOP-FEGLDB1
# Platform           : Windows Server 2016 or Windows 10
# Operating System   : 22631
# Processor Detail   : 13th Gen Intel(R) Core(TM) i7-13650HX
# CPU Frequency      : 2803 MHz
# CPU Physical cores : 14
# CPU Logical cores  : 20
# Host memory        : 16849 MB
# Swap memory        : 5368 MB
# Total Virtual      : 22217 MB
# Available Virtual  : 8228 MB
#-----------------------------------------------------------
start_gui
open_project C:/Users/Dell/METNHATROI/ADD_MUX/ADD_MUX.xpr
INFO: [Project 1-313] Project file moved from 'C:/Users/Dell/RISC_CPU/ADD_MUX' since last save.
INFO: [filemgmt 56-3] Default IP Output Path : Could not find the directory 'C:/Users/Dell/METNHATROI/ADD_MUX/ADD_MUX.gen/sources_1'.
Scanning sources...
Finished scanning sources
INFO: [IP_Flow 19-234] Refreshing IP repositories
INFO: [IP_Flow 19-1704] No user IP repositories specified
INFO: [IP_Flow 19-2313] Loaded Vivado IP repository 'E:/Vivado/2024.2/data/ip'.
open_project: Time (s): cpu = 00:00:03 ; elapsed = 00:00:07 . Memory (MB): peak = 1197.039 ; gain = 117.430
update_compile_order -fileset sources_1
exit
INFO: [Common 17-206] Exiting Vivado at Thu Mar 13 00:13:55 2025...
